<?xml version="1.0" encoding="UTF-8"?>
<!-- Generated by org.testng.reporters.JUnitXMLReporter -->
<testsuite ignored="0" hostname="Ranjeet-MacBook-Pro.local" failures="1" tests="3" name="Test" time="99.142" errors="0" timestamp="2022-11-28T11:11:05 IST">
  <testcase classname="Com.internetbaning.TestCases.NewCutomerTest" name="AddnewCutomer" time="29.224"/>
  <testcase classname="Com.internetbaning.TestCases.LoginPageTest" name="LoginTest" time="8.41">
    <failure type="java.lang.AssertionError" message="expected [true] but found [false]">
      <![CDATA[java.lang.AssertionError: expected [true] but found [false]
at Com.internetbaning.TestCases.LoginPageTest.LoginTest(LoginPageTest.java:42)
at java.base/java.util.ArrayList.forEach(ArrayList.java:1511)
... Removed 29 stack frames]]>
    </failure>
  </testcase> <!-- LoginTest -->
  <testcase classname="Com.internetbaning.TestCases.TC_AccountCreation_003" name="AddNewAccount" time="19.523"/>
</testsuite> <!-- Test -->
