<?xml version="1.0" encoding="UTF-8"?>
<!-- Generated by org.testng.reporters.JUnitXMLReporter -->
<testsuite ignored="0" hostname="Ranjeet-MacBook-Pro.local" failures="1" tests="8" name="Test" time="229.823" errors="0" timestamp="2022-12-06T19:34:36 IST">
  <testcase classname="Com.internetbaning.TestCases.NewCutomerTest" name="AddnewCutomer" time="32.55"/>
  <testcase classname="Com.internetbaning.TestCases.LoginPageTest" name="LoginTest" time="5.396">
    <failure type="java.lang.AssertionError" message="expected [true] but found [false]">
      <![CDATA[java.lang.AssertionError: expected [true] but found [false]
at Com.internetbaning.TestCases.LoginPageTest.LoginTest(LoginPageTest.java:42)
at java.base/java.util.ArrayList.forEach(ArrayList.java:1511)
... Removed 29 stack frames]]>
    </failure>
  </testcase> <!-- LoginTest -->
  <testcase classname="Com.internetbaning.TestCases.TC_AccountCreation_003" name="AddNewAccount" time="19.577"/>
  <testcase classname="Com.internetbaning.TestCases.TC_LoginDataTest_004" name="LoginData" time="13.597"/>
  <testcase classname="Com.internetbaning.TestCases.TC_LoginDataTest_004" name="LoginData" time="4.218"/>
  <testcase classname="Com.internetbaning.TestCases.TC_LoginDataTest_004" name="LoginData" time="7.6"/>
  <testcase classname="Com.internetbaning.TestCases.TC_LoginDataTest_004" name="LoginData" time="6.091"/>
  <testcase classname="Com.internetbaning.TestCases.TC_LoginDataTest_004" name="LoginData" time="4.602"/>
</testsuite> <!-- Test -->
